<?xml version="1.0" encoding="UTF-8"?>
<testsuite xmlns:xsi="http://www.w3.org/2001/XMLSchema-instance" xsi:noNamespaceSchemaLocation="https://maven.apache.org/surefire/maven-surefire-plugin/xsd/surefire-test-report.xsd" name="Scenario: Validate nopcommerce Home Page Test" time="35.82" tests="8" errors="0" skipped="0" failures="0">
  <properties>
    <property name="java.specification.version" value="14"/>
    <property name="webdriver.chrome.driver" value="C:\Users\s.indradeolaldas.DIR\.m2\repository\webdriver\chromedriver\win32\84.0.4147.30\chromedriver.exe"/>
    <property name="sun.cpu.isalist" value="amd64"/>
    <property name="sun.jnu.encoding" value="Cp1252"/>
    <property name="java.class.path" value="C:\Users\s.indradeolaldas.DIR\eclipse-workspace-OxygenLatest\nopcommerce.cucumber\target\test-classes;C:\Users\s.indradeolaldas.DIR\eclipse-workspace-OxygenLatest\nopcommerce.cucumber\target\classes;C:\Users\s.indradeolaldas.DIR\.m2\repository\info\cukes\cucumber-junit\1.2.5\cucumber-junit-1.2.5.jar;C:\Users\s.indradeolaldas.DIR\.m2\repository\io\github\bonigarcia\webdrivermanager\4.0.0\webdrivermanager-4.0.0.jar;C:\Users\s.indradeolaldas.DIR\.m2\repository\org\slf4j\slf4j-api\1.7.30\slf4j-api-1.7.30.jar;C:\Users\s.indradeolaldas.DIR\.m2\repository\commons-io\commons-io\2.6\commons-io-2.6.jar;C:\Users\s.indradeolaldas.DIR\.m2\repository\com\google\code\gson\gson\2.8.6\gson-2.8.6.jar;C:\Users\s.indradeolaldas.DIR\.m2\repository\org\apache\commons\commons-lang3\3.10\commons-lang3-3.10.jar;C:\Users\s.indradeolaldas.DIR\.m2\repository\org\apache\httpcomponents\client5\httpclient5\5.0\httpclient5-5.0.jar;C:\Users\s.indradeolaldas.DIR\.m2\repository\org\apache\httpcomponents\core5\httpcore5\5.0\httpcore5-5.0.jar;C:\Users\s.indradeolaldas.DIR\.m2\repository\org\apache\httpcomponents\core5\httpcore5-h2\5.0\httpcore5-h2-5.0.jar;C:\Users\s.indradeolaldas.DIR\.m2\repository\commons-codec\commons-codec\1.13\commons-codec-1.13.jar;C:\Users\s.indradeolaldas.DIR\.m2\repository\org\rauschig\jarchivelib\1.0.0\jarchivelib-1.0.0.jar;C:\Users\s.indradeolaldas.DIR\.m2\repository\org\apache\commons\commons-compress\1.18\commons-compress-1.18.jar;C:\Users\s.indradeolaldas.DIR\.m2\repository\org\jsoup\jsoup\1.13.1\jsoup-1.13.1.jar;C:\Users\s.indradeolaldas.DIR\.m2\repository\info\cukes\cucumber-java\1.2.5\cucumber-java-1.2.5.jar;C:\Users\s.indradeolaldas.DIR\.m2\repository\info\cukes\cucumber-core\1.2.5\cucumber-core-1.2.5.jar;C:\Users\s.indradeolaldas.DIR\.m2\repository\info\cukes\gherkin\2.12.2\gherkin-2.12.2.jar;C:\Users\s.indradeolaldas.DIR\.m2\repository\info\cukes\cucumber-jvm-deps\1.0.5\cucumber-jvm-deps-1.0.5.jar;C:\Users\s.indradeolaldas.DIR\.m2\repository\info\cukes\cucumber-html\0.2.3\cucumber-html-0.2.3.jar;C:\Users\s.indradeolaldas.DIR\.m2\repository\net\sourceforge\cobertura\cobertura\2.0.3\cobertura-2.0.3.jar;C:\Users\s.indradeolaldas.DIR\.m2\repository\org\ow2\asm\asm\4.1\asm-4.1.jar;C:\Users\s.indradeolaldas.DIR\.m2\repository\org\ow2\asm\asm-tree\4.1\asm-tree-4.1.jar;C:\Users\s.indradeolaldas.DIR\.m2\repository\org\ow2\asm\asm-commons\4.1\asm-commons-4.1.jar;C:\Users\s.indradeolaldas.DIR\.m2\repository\org\ow2\asm\asm-util\4.1\asm-util-4.1.jar;C:\Users\s.indradeolaldas.DIR\.m2\repository\org\ow2\asm\asm-analysis\4.1\asm-analysis-4.1.jar;C:\Users\s.indradeolaldas.DIR\.m2\repository\oro\oro\2.0.8\oro-2.0.8.jar;C:\Users\s.indradeolaldas.DIR\.m2\repository\jaxen\jaxen\1.1-beta-8\jaxen-1.1-beta-8.jar;C:\Users\s.indradeolaldas.DIR\.m2\repository\dom4j\dom4j\1.6.1\dom4j-1.6.1.jar;C:\Users\s.indradeolaldas.DIR\.m2\repository\xml-apis\xml-apis\1.0.b2\xml-apis-1.0.b2.jar;C:\Users\s.indradeolaldas.DIR\.m2\repository\jdom\jdom\1.0\jdom-1.0.jar;C:\Users\s.indradeolaldas.DIR\.m2\repository\xerces\xmlParserAPIs\2.6.2\xmlParserAPIs-2.6.2.jar;C:\Users\s.indradeolaldas.DIR\.m2\repository\xerces\xercesImpl\2.6.2\xercesImpl-2.6.2.jar;C:\Users\s.indradeolaldas.DIR\.m2\repository\xom\xom\1.0b3\xom-1.0b3.jar;C:\Users\s.indradeolaldas.DIR\.m2\repository\com\ibm\icu\icu4j\2.6.1\icu4j-2.6.1.jar;C:\Users\s.indradeolaldas.DIR\.m2\repository\xalan\xalan\2.6.0\xalan-2.6.0.jar;C:\Users\s.indradeolaldas.DIR\.m2\repository\org\ccil\cowan\tagsoup\tagsoup\0.9.7\tagsoup-0.9.7.jar;C:\Users\s.indradeolaldas.DIR\.m2\repository\org\apache\ant\ant\1.8.3\ant-1.8.3.jar;C:\Users\s.indradeolaldas.DIR\.m2\repository\org\apache\ant\ant-launcher\1.8.3\ant-launcher-1.8.3.jar;C:\Users\s.indradeolaldas.DIR\.m2\repository\org\mortbay\jetty\servlet-api-2.5\6.1.14\servlet-api-2.5-6.1.14.jar;C:\Users\s.indradeolaldas.DIR\.m2\repository\org\mortbay\jetty\jetty\6.1.14\jetty-6.1.14.jar;C:\Users\s.indradeolaldas.DIR\.m2\repository\org\mortbay\jetty\jetty-util\6.1.14\jetty-util-6.1.14.jar;C:\Users\s.indradeolaldas.DIR\.m2\repository\log4j\log4j\1.2.9\log4j-1.2.9.jar;C:\Users\s.indradeolaldas.DIR\.m2\repository\net\masterthought\cucumber-reporting\5.3.0\cucumber-reporting-5.3.0.jar;C:\Users\s.indradeolaldas.DIR\.m2\repository\com\fasterxml\jackson\core\jackson-databind\2.10.1\jackson-databind-2.10.1.jar;C:\Users\s.indradeolaldas.DIR\.m2\repository\com\fasterxml\jackson\core\jackson-annotations\2.10.1\jackson-annotations-2.10.1.jar;C:\Users\s.indradeolaldas.DIR\.m2\repository\com\fasterxml\jackson\core\jackson-core\2.10.1\jackson-core-2.10.1.jar;C:\Users\s.indradeolaldas.DIR\.m2\repository\com\fasterxml\jackson\datatype\jackson-datatype-jsr310\2.10.1\jackson-datatype-jsr310-2.10.1.jar;C:\Users\s.indradeolaldas.DIR\.m2\repository\org\apache\velocity\velocity-engine-core\2.1\velocity-engine-core-2.1.jar;C:\Users\s.indradeolaldas.DIR\.m2\repository\commons-collections\commons-collections\3.2.2\commons-collections-3.2.2.jar;C:\Users\s.indradeolaldas.DIR\.m2\repository\joda-time\joda-time\2.10.5\joda-time-2.10.5.jar;C:\Users\s.indradeolaldas.DIR\.m2\repository\org\codehaus\plexus\plexus-utils\3.3.0\plexus-utils-3.3.0.jar;C:\Users\s.indradeolaldas.DIR\.m2\repository\com\googlecode\owasp-java-html-sanitizer\owasp-java-html-sanitizer\20191001.1\owasp-java-html-sanitizer-20191001.1.jar;C:\Users\s.indradeolaldas.DIR\.m2\repository\commons-configuration\commons-configuration\1.10\commons-configuration-1.10.jar;C:\Users\s.indradeolaldas.DIR\.m2\repository\commons-lang\commons-lang\2.6\commons-lang-2.6.jar;C:\Users\s.indradeolaldas.DIR\.m2\repository\commons-logging\commons-logging\1.1.1\commons-logging-1.1.1.jar;C:\Users\s.indradeolaldas.DIR\.m2\repository\org\hamcrest\hamcrest-core\2.2\hamcrest-core-2.2.jar;C:\Users\s.indradeolaldas.DIR\.m2\repository\org\hamcrest\hamcrest\2.2\hamcrest-2.2.jar;C:\Users\s.indradeolaldas.DIR\.m2\repository\junit\junit\4.13\junit-4.13.jar;C:\Users\s.indradeolaldas.DIR\.m2\repository\org\seleniumhq\selenium\selenium-java\3.141.59\selenium-java-3.141.59.jar;C:\Users\s.indradeolaldas.DIR\.m2\repository\org\seleniumhq\selenium\selenium-api\3.141.59\selenium-api-3.141.59.jar;C:\Users\s.indradeolaldas.DIR\.m2\repository\org\seleniumhq\selenium\selenium-chrome-driver\3.141.59\selenium-chrome-driver-3.141.59.jar;C:\Users\s.indradeolaldas.DIR\.m2\repository\org\seleniumhq\selenium\selenium-edge-driver\3.141.59\selenium-edge-driver-3.141.59.jar;C:\Users\s.indradeolaldas.DIR\.m2\repository\org\seleniumhq\selenium\selenium-firefox-driver\3.141.59\selenium-firefox-driver-3.141.59.jar;C:\Users\s.indradeolaldas.DIR\.m2\repository\org\seleniumhq\selenium\selenium-ie-driver\3.141.59\selenium-ie-driver-3.141.59.jar;C:\Users\s.indradeolaldas.DIR\.m2\repository\org\seleniumhq\selenium\selenium-opera-driver\3.141.59\selenium-opera-driver-3.141.59.jar;C:\Users\s.indradeolaldas.DIR\.m2\repository\org\seleniumhq\selenium\selenium-remote-driver\3.141.59\selenium-remote-driver-3.141.59.jar;C:\Users\s.indradeolaldas.DIR\.m2\repository\org\seleniumhq\selenium\selenium-safari-driver\3.141.59\selenium-safari-driver-3.141.59.jar;C:\Users\s.indradeolaldas.DIR\.m2\repository\org\seleniumhq\selenium\selenium-support\3.141.59\selenium-support-3.141.59.jar;C:\Users\s.indradeolaldas.DIR\.m2\repository\net\bytebuddy\byte-buddy\1.8.15\byte-buddy-1.8.15.jar;C:\Users\s.indradeolaldas.DIR\.m2\repository\org\apache\commons\commons-exec\1.3\commons-exec-1.3.jar;C:\Users\s.indradeolaldas.DIR\.m2\repository\com\google\guava\guava\25.0-jre\guava-25.0-jre.jar;C:\Users\s.indradeolaldas.DIR\.m2\repository\com\google\code\findbugs\jsr305\1.3.9\jsr305-1.3.9.jar;C:\Users\s.indradeolaldas.DIR\.m2\repository\org\checkerframework\checker-compat-qual\2.0.0\checker-compat-qual-2.0.0.jar;C:\Users\s.indradeolaldas.DIR\.m2\repository\com\google\errorprone\error_prone_annotations\2.1.3\error_prone_annotations-2.1.3.jar;C:\Users\s.indradeolaldas.DIR\.m2\repository\com\google\j2objc\j2objc-annotations\1.1\j2objc-annotations-1.1.jar;C:\Users\s.indradeolaldas.DIR\.m2\repository\org\codehaus\mojo\animal-sniffer-annotations\1.14\animal-sniffer-annotations-1.14.jar;C:\Users\s.indradeolaldas.DIR\.m2\repository\com\squareup\okhttp3\okhttp\3.11.0\okhttp-3.11.0.jar;C:\Users\s.indradeolaldas.DIR\.m2\repository\com\squareup\okio\okio\1.14.0\okio-1.14.0.jar;C:\Program Files\Java\jdk-14.0.1\lib\tools.jar;"/>
    <property name="java.vm.vendor" value="Oracle Corporation"/>
    <property name="sun.arch.data.model" value="64"/>
    <property name="user.variant" value=""/>
    <property name="java.vendor.url" value="https://java.oracle.com/"/>
    <property name="user.timezone" value="Asia/Calcutta"/>
    <property name="os.name" value="Windows 10"/>
    <property name="java.vm.specification.version" value="14"/>
    <property name="sun.java.launcher" value="SUN_STANDARD"/>
    <property name="user.country" value="US"/>
    <property name="sun.boot.library.path" value="C:\Program Files\Java\jdk-14.0.1\bin"/>
    <property name="sun.java.command" value="C:\Users\SINDRA~1.DIR\AppData\Local\Temp\surefire15573209328434099781\surefirebooter13007413562609696008.jar C:\Users\s.indradeolaldas.DIR\AppData\Local\Temp\surefire15573209328434099781 2020-08-09T19-28-34_953-jvmRun1 surefire4011632388131183153tmp surefire_03767509928561846886tmp"/>
    <property name="jdk.debug" value="release"/>
    <property name="surefire.test.class.path" value="C:\Users\s.indradeolaldas.DIR\eclipse-workspace-OxygenLatest\nopcommerce.cucumber\target\test-classes;C:\Users\s.indradeolaldas.DIR\eclipse-workspace-OxygenLatest\nopcommerce.cucumber\target\classes;C:\Users\s.indradeolaldas.DIR\.m2\repository\info\cukes\cucumber-junit\1.2.5\cucumber-junit-1.2.5.jar;C:\Users\s.indradeolaldas.DIR\.m2\repository\io\github\bonigarcia\webdrivermanager\4.0.0\webdrivermanager-4.0.0.jar;C:\Users\s.indradeolaldas.DIR\.m2\repository\org\slf4j\slf4j-api\1.7.30\slf4j-api-1.7.30.jar;C:\Users\s.indradeolaldas.DIR\.m2\repository\commons-io\commons-io\2.6\commons-io-2.6.jar;C:\Users\s.indradeolaldas.DIR\.m2\repository\com\google\code\gson\gson\2.8.6\gson-2.8.6.jar;C:\Users\s.indradeolaldas.DIR\.m2\repository\org\apache\commons\commons-lang3\3.10\commons-lang3-3.10.jar;C:\Users\s.indradeolaldas.DIR\.m2\repository\org\apache\httpcomponents\client5\httpclient5\5.0\httpclient5-5.0.jar;C:\Users\s.indradeolaldas.DIR\.m2\repository\org\apache\httpcomponents\core5\httpcore5\5.0\httpcore5-5.0.jar;C:\Users\s.indradeolaldas.DIR\.m2\repository\org\apache\httpcomponents\core5\httpcore5-h2\5.0\httpcore5-h2-5.0.jar;C:\Users\s.indradeolaldas.DIR\.m2\repository\commons-codec\commons-codec\1.13\commons-codec-1.13.jar;C:\Users\s.indradeolaldas.DIR\.m2\repository\org\rauschig\jarchivelib\1.0.0\jarchivelib-1.0.0.jar;C:\Users\s.indradeolaldas.DIR\.m2\repository\org\apache\commons\commons-compress\1.18\commons-compress-1.18.jar;C:\Users\s.indradeolaldas.DIR\.m2\repository\org\jsoup\jsoup\1.13.1\jsoup-1.13.1.jar;C:\Users\s.indradeolaldas.DIR\.m2\repository\info\cukes\cucumber-java\1.2.5\cucumber-java-1.2.5.jar;C:\Users\s.indradeolaldas.DIR\.m2\repository\info\cukes\cucumber-core\1.2.5\cucumber-core-1.2.5.jar;C:\Users\s.indradeolaldas.DIR\.m2\repository\info\cukes\gherkin\2.12.2\gherkin-2.12.2.jar;C:\Users\s.indradeolaldas.DIR\.m2\repository\info\cukes\cucumber-jvm-deps\1.0.5\cucumber-jvm-deps-1.0.5.jar;C:\Users\s.indradeolaldas.DIR\.m2\repository\info\cukes\cucumber-html\0.2.3\cucumber-html-0.2.3.jar;C:\Users\s.indradeolaldas.DIR\.m2\repository\net\sourceforge\cobertura\cobertura\2.0.3\cobertura-2.0.3.jar;C:\Users\s.indradeolaldas.DIR\.m2\repository\org\ow2\asm\asm\4.1\asm-4.1.jar;C:\Users\s.indradeolaldas.DIR\.m2\repository\org\ow2\asm\asm-tree\4.1\asm-tree-4.1.jar;C:\Users\s.indradeolaldas.DIR\.m2\repository\org\ow2\asm\asm-commons\4.1\asm-commons-4.1.jar;C:\Users\s.indradeolaldas.DIR\.m2\repository\org\ow2\asm\asm-util\4.1\asm-util-4.1.jar;C:\Users\s.indradeolaldas.DIR\.m2\repository\org\ow2\asm\asm-analysis\4.1\asm-analysis-4.1.jar;C:\Users\s.indradeolaldas.DIR\.m2\repository\oro\oro\2.0.8\oro-2.0.8.jar;C:\Users\s.indradeolaldas.DIR\.m2\repository\jaxen\jaxen\1.1-beta-8\jaxen-1.1-beta-8.jar;C:\Users\s.indradeolaldas.DIR\.m2\repository\dom4j\dom4j\1.6.1\dom4j-1.6.1.jar;C:\Users\s.indradeolaldas.DIR\.m2\repository\xml-apis\xml-apis\1.0.b2\xml-apis-1.0.b2.jar;C:\Users\s.indradeolaldas.DIR\.m2\repository\jdom\jdom\1.0\jdom-1.0.jar;C:\Users\s.indradeolaldas.DIR\.m2\repository\xerces\xmlParserAPIs\2.6.2\xmlParserAPIs-2.6.2.jar;C:\Users\s.indradeolaldas.DIR\.m2\repository\xerces\xercesImpl\2.6.2\xercesImpl-2.6.2.jar;C:\Users\s.indradeolaldas.DIR\.m2\repository\xom\xom\1.0b3\xom-1.0b3.jar;C:\Users\s.indradeolaldas.DIR\.m2\repository\com\ibm\icu\icu4j\2.6.1\icu4j-2.6.1.jar;C:\Users\s.indradeolaldas.DIR\.m2\repository\xalan\xalan\2.6.0\xalan-2.6.0.jar;C:\Users\s.indradeolaldas.DIR\.m2\repository\org\ccil\cowan\tagsoup\tagsoup\0.9.7\tagsoup-0.9.7.jar;C:\Users\s.indradeolaldas.DIR\.m2\repository\org\apache\ant\ant\1.8.3\ant-1.8.3.jar;C:\Users\s.indradeolaldas.DIR\.m2\repository\org\apache\ant\ant-launcher\1.8.3\ant-launcher-1.8.3.jar;C:\Users\s.indradeolaldas.DIR\.m2\repository\org\mortbay\jetty\servlet-api-2.5\6.1.14\servlet-api-2.5-6.1.14.jar;C:\Users\s.indradeolaldas.DIR\.m2\repository\org\mortbay\jetty\jetty\6.1.14\jetty-6.1.14.jar;C:\Users\s.indradeolaldas.DIR\.m2\repository\org\mortbay\jetty\jetty-util\6.1.14\jetty-util-6.1.14.jar;C:\Users\s.indradeolaldas.DIR\.m2\repository\log4j\log4j\1.2.9\log4j-1.2.9.jar;C:\Users\s.indradeolaldas.DIR\.m2\repository\net\masterthought\cucumber-reporting\5.3.0\cucumber-reporting-5.3.0.jar;C:\Users\s.indradeolaldas.DIR\.m2\repository\com\fasterxml\jackson\core\jackson-databind\2.10.1\jackson-databind-2.10.1.jar;C:\Users\s.indradeolaldas.DIR\.m2\repository\com\fasterxml\jackson\core\jackson-annotations\2.10.1\jackson-annotations-2.10.1.jar;C:\Users\s.indradeolaldas.DIR\.m2\repository\com\fasterxml\jackson\core\jackson-core\2.10.1\jackson-core-2.10.1.jar;C:\Users\s.indradeolaldas.DIR\.m2\repository\com\fasterxml\jackson\datatype\jackson-datatype-jsr310\2.10.1\jackson-datatype-jsr310-2.10.1.jar;C:\Users\s.indradeolaldas.DIR\.m2\repository\org\apache\velocity\velocity-engine-core\2.1\velocity-engine-core-2.1.jar;C:\Users\s.indradeolaldas.DIR\.m2\repository\commons-collections\commons-collections\3.2.2\commons-collections-3.2.2.jar;C:\Users\s.indradeolaldas.DIR\.m2\repository\joda-time\joda-time\2.10.5\joda-time-2.10.5.jar;C:\Users\s.indradeolaldas.DIR\.m2\repository\org\codehaus\plexus\plexus-utils\3.3.0\plexus-utils-3.3.0.jar;C:\Users\s.indradeolaldas.DIR\.m2\repository\com\googlecode\owasp-java-html-sanitizer\owasp-java-html-sanitizer\20191001.1\owasp-java-html-sanitizer-20191001.1.jar;C:\Users\s.indradeolaldas.DIR\.m2\repository\commons-configuration\commons-configuration\1.10\commons-configuration-1.10.jar;C:\Users\s.indradeolaldas.DIR\.m2\repository\commons-lang\commons-lang\2.6\commons-lang-2.6.jar;C:\Users\s.indradeolaldas.DIR\.m2\repository\commons-logging\commons-logging\1.1.1\commons-logging-1.1.1.jar;C:\Users\s.indradeolaldas.DIR\.m2\repository\org\hamcrest\hamcrest-core\2.2\hamcrest-core-2.2.jar;C:\Users\s.indradeolaldas.DIR\.m2\repository\org\hamcrest\hamcrest\2.2\hamcrest-2.2.jar;C:\Users\s.indradeolaldas.DIR\.m2\repository\junit\junit\4.13\junit-4.13.jar;C:\Users\s.indradeolaldas.DIR\.m2\repository\org\seleniumhq\selenium\selenium-java\3.141.59\selenium-java-3.141.59.jar;C:\Users\s.indradeolaldas.DIR\.m2\repository\org\seleniumhq\selenium\selenium-api\3.141.59\selenium-api-3.141.59.jar;C:\Users\s.indradeolaldas.DIR\.m2\repository\org\seleniumhq\selenium\selenium-chrome-driver\3.141.59\selenium-chrome-driver-3.141.59.jar;C:\Users\s.indradeolaldas.DIR\.m2\repository\org\seleniumhq\selenium\selenium-edge-driver\3.141.59\selenium-edge-driver-3.141.59.jar;C:\Users\s.indradeolaldas.DIR\.m2\repository\org\seleniumhq\selenium\selenium-firefox-driver\3.141.59\selenium-firefox-driver-3.141.59.jar;C:\Users\s.indradeolaldas.DIR\.m2\repository\org\seleniumhq\selenium\selenium-ie-driver\3.141.59\selenium-ie-driver-3.141.59.jar;C:\Users\s.indradeolaldas.DIR\.m2\repository\org\seleniumhq\selenium\selenium-opera-driver\3.141.59\selenium-opera-driver-3.141.59.jar;C:\Users\s.indradeolaldas.DIR\.m2\repository\org\seleniumhq\selenium\selenium-remote-driver\3.141.59\selenium-remote-driver-3.141.59.jar;C:\Users\s.indradeolaldas.DIR\.m2\repository\org\seleniumhq\selenium\selenium-safari-driver\3.141.59\selenium-safari-driver-3.141.59.jar;C:\Users\s.indradeolaldas.DIR\.m2\repository\org\seleniumhq\selenium\selenium-support\3.141.59\selenium-support-3.141.59.jar;C:\Users\s.indradeolaldas.DIR\.m2\repository\net\bytebuddy\byte-buddy\1.8.15\byte-buddy-1.8.15.jar;C:\Users\s.indradeolaldas.DIR\.m2\repository\org\apache\commons\commons-exec\1.3\commons-exec-1.3.jar;C:\Users\s.indradeolaldas.DIR\.m2\repository\com\google\guava\guava\25.0-jre\guava-25.0-jre.jar;C:\Users\s.indradeolaldas.DIR\.m2\repository\com\google\code\findbugs\jsr305\1.3.9\jsr305-1.3.9.jar;C:\Users\s.indradeolaldas.DIR\.m2\repository\org\checkerframework\checker-compat-qual\2.0.0\checker-compat-qual-2.0.0.jar;C:\Users\s.indradeolaldas.DIR\.m2\repository\com\google\errorprone\error_prone_annotations\2.1.3\error_prone_annotations-2.1.3.jar;C:\Users\s.indradeolaldas.DIR\.m2\repository\com\google\j2objc\j2objc-annotations\1.1\j2objc-annotations-1.1.jar;C:\Users\s.indradeolaldas.DIR\.m2\repository\org\codehaus\mojo\animal-sniffer-annotations\1.14\animal-sniffer-annotations-1.14.jar;C:\Users\s.indradeolaldas.DIR\.m2\repository\com\squareup\okhttp3\okhttp\3.11.0\okhttp-3.11.0.jar;C:\Users\s.indradeolaldas.DIR\.m2\repository\com\squareup\okio\okio\1.14.0\okio-1.14.0.jar;C:\Program Files\Java\jdk-14.0.1\lib\tools.jar;"/>
    <property name="sun.cpu.endian" value="little"/>
    <property name="user.home" value="C:\Users\s.indradeolaldas.DIR"/>
    <property name="user.language" value="en"/>
    <property name="java.specification.vendor" value="Oracle Corporation"/>
    <property name="java.version.date" value="2020-04-14"/>
    <property name="java.home" value="C:\Program Files\Java\jdk-14.0.1"/>
    <property name="file.separator" value="\"/>
    <property name="basedir" value="C:\Users\s.indradeolaldas.DIR\eclipse-workspace-OxygenLatest\nopcommerce.cucumber"/>
    <property name="java.vm.compressedOopsMode" value="32-bit"/>
    <property name="line.separator" value="&#10;"/>
    <property name="java.vm.specification.vendor" value="Oracle Corporation"/>
    <property name="java.specification.name" value="Java Platform API Specification"/>
    <property name="surefire.real.class.path" value="C:\Users\SINDRA~1.DIR\AppData\Local\Temp\surefire15573209328434099781\surefirebooter13007413562609696008.jar"/>
    <property name="user.script" value=""/>
    <property name="sun.management.compiler" value="HotSpot 64-Bit Tiered Compilers"/>
    <property name="java.runtime.version" value="14.0.1+7"/>
    <property name="user.name" value="s.indradeolaldas"/>
    <property name="path.separator" value=";"/>
    <property name="os.version" value="10.0"/>
    <property name="java.runtime.name" value="Java(TM) SE Runtime Environment"/>
    <property name="file.encoding" value="Cp1252"/>
    <property name="java.vm.name" value="Java HotSpot(TM) 64-Bit Server VM"/>
    <property name="localRepository" value="C:\Users\s.indradeolaldas.DIR\.m2\repository"/>
    <property name="java.vendor.url.bug" value="https://bugreport.java.com/bugreport/"/>
    <property name="java.io.tmpdir" value="C:\Users\SINDRA~1.DIR\AppData\Local\Temp\"/>
    <property name="java.version" value="14.0.1"/>
    <property name="user.dir" value="C:\Users\s.indradeolaldas.DIR\eclipse-workspace-OxygenLatest\nopcommerce.cucumber"/>
    <property name="os.arch" value="amd64"/>
    <property name="java.vm.specification.name" value="Java Virtual Machine Specification"/>
    <property name="sun.os.patch.level" value=""/>
    <property name="java.library.path" value="C:\Program Files\Java\jdk-14.0.1\bin;C:\WINDOWS\Sun\Java\bin;C:\WINDOWS\system32;C:\WINDOWS;C:/Program Files/Java/jdk-14.0.1/bin/server;C:/Program Files/Java/jdk-14.0.1/bin;C:\WINDOWS\system32;C:\WINDOWS;C:\WINDOWS\System32\Wbem;C:\WINDOWS\System32\WindowsPowerShell\v1.0\;%RUBY_HOME\bin%;C:\Users\umesh.a.yadav\AppData\Roaming\npm;C:\Users\umesh.a.yadav\Downloads\phantomjs-2.1.1-windows\bin;C:\Python27;C:\Program Files\wkhtmltopdf\bin;C:\WINDOWS\System32\OpenSSH\;C:\Program Files\Intel\WiFi\bin\;C:\Program Files\Common Files\Intel\WirelessCommon\;C:\Program Files\Java\jdk-14.0.1\bin;C:\apache-maven-3.6.3\bin;C:\Program Files\PuTTY\;C:\Program Files\nodejs\;C:\Program Files\Microsoft SQL Server\130\Tools\Binn\;C:\Program Files\Git\cmd;C:\Program Files\Git\mingw64\bin;C:\Program Files\Git\usr\bin;C:\Program Files\MySQL\MySQL Shell 8.0\bin\;C:\Users\s.indradeolaldas.DIR\AppData\Local\Microsoft\WindowsApps;C:\Program Files\Java\jdk-14.0.1\bin;C:\apache-maven-3.6.3\bin;C:\Users\s.indradeolaldas.DIR\AppData\Roaming\npm;C:\Users\s.indradeolaldas.DIR\AppData\Local\Programs\Microsoft VS Code\bin;C:\WINDOWS\system32;;."/>
    <property name="java.vm.info" value="mixed mode, sharing"/>
    <property name="java.vendor" value="Oracle Corporation"/>
    <property name="java.vm.version" value="14.0.1+7"/>
    <property name="sun.io.unicode.encoding" value="UnicodeLittle"/>
    <property name="java.class.version" value="58.0"/>
  </properties>
  <testcase name="Scenario: Validate nopcommerce Home Page Test" classname="Scenario: Validate nopcommerce Home Page Test" time="0"/>
  <testcase name="Given user opens browser" classname="Scenario: Validate nopcommerce Home Page Test" time="0.001"/>
  <testcase name="Then user is on Login Page" classname="Scenario: Validate nopcommerce Home Page Test" time="0.001"/>
  <testcase name="Then user enters username and password" classname="Scenario: Validate nopcommerce Home Page Test" time="0.001"/>
  <testcase name="Then user clicks on login button" classname="Scenario: Validate nopcommerce Home Page Test" time="0"/>
  <testcase name="Then home page is displayed" classname="Scenario: Validate nopcommerce Home Page Test" time="0"/>
  <testcase name="Then validate home page title" classname="Scenario: Validate nopcommerce Home Page Test" time="0"/>
  <testcase name="Then user closes the browser" classname="Scenario: Validate nopcommerce Home Page Test" time="0"/>
</testsuite>